<?xml version="1.0" encoding="UTF-8"?>
<testng-results skipped="0" failed="0" ignored="0" total="1" passed="1">
  <reporter-output>
  </reporter-output>
  <suite name="Default suite" duration-ms="56" started-at="2025-02-21T10:33:51Z" finished-at="2025-02-21T10:33:51Z">
    <groups>
    </groups>
    <test name="Default test" duration-ms="56" started-at="2025-02-21T10:33:51Z" finished-at="2025-02-21T10:33:51Z">
      <class name="org.sample.Sample">
        <test-method status="PASS" signature="test()[pri:0, instance:org.sample.Sample@708f5957]" name="test" duration-ms="16" started-at="2025-02-21T10:33:51Z" finished-at="2025-02-21T10:33:51Z">
          <reporter-output>
          </reporter-output>
        </test-method> <!-- test -->
      </class> <!-- org.sample.Sample -->
    </test> <!-- Default test -->
  </suite> <!-- Default suite -->
</testng-results>
